Fri Nov  8 10:52:48 2019 daemon.info nmeshd[2630]: Nmeshd: Signal 15 received - terminating
Fri Nov  8 10:52:48 2019 daemon.info nmeshd[2630]: Nmeshd: Freeing station node: cc:61:e5:f4:bc:97
Fri Nov  8 10:52:48 2019 daemon.info nmeshd[2630]: Nmeshd: Freeing station node: 24:77:03:af:2f:08
Fri Nov  8 10:52:48 2019 daemon.info nmeshd[2630]: Nmeshd: Freeing station node: 10:0b:a9:57:d9:1c
Fri Nov  8 10:52:48 2019 daemon.info nmeshd[2630]: Nmeshd: Freeing station node: 24:77:03:a3:3b:30
Fri Nov  8 10:52:48 2019 daemon.info nmeshd[2630]: Nmeshd: Freeing station node: dc:a2:66:01:7c:b1
Fri Nov  8 10:52:48 2019 daemon.info nmeshd[2630]: Nmeshd: Freeing station node: c4:0b:cb:dd:2a:e7
[50964.727649] device phy0-wlan101 left promiscuous moded: IFNAME=phy0-wlan101 DISABLE

Fri Nov  8 10:52:48 2019 kern.info kernel: [50964.727649] device phy0-wlan101 left promiscuous mode
Fri Nov  8 10:52:48 2019 kern.info kernel: [50964.733696] br-lan: port 6(phy0-wlan101) entered disabled state
[50964.778650] ath10k_ahb a000000.wifi: peer-unmap-event: unknown peer id 4
[50964.778714] ath10k_ahb a000000.wifi: peer-unmap-event: unknown peer id 4
Fri Nov  8 10:52:48 2019 kern.warn kernel: [50964.778650] ath10k_ahb a000000.wifi: peer-unmap-event: unknown peer id 4
Fri Nov  8 10:52:48 2019 kern.warn kernel: [50964.778714] ath10k_ahb a000000.wifi: peer-unmap-event: unknown peer id 4
Fri Nov  8 10:52:48 2019 daemon.info nmeshd[2630]: Nmeshd: Disabled interface: phy0-wlan101
Fri Nov  8 10:52:48 2019 daemon.info nmeshd[2630]: Nmeshd: IFNAME=phy1-wlan101 DISABLE
[50964.837698] device phy1-wlan101 left promiscuous mode
[50964.837892] br-lan: port 7(phy1-wlan101) entered disabled state
Fri Nov  8 10:52:48 2019 kern.info kernel: [50964.837698] device phy1-wlan101 left promiscuous mode
Fri Nov  8 10:52:48 2019 kern.info kernel: [50964.837892] br-lan: port 7(phy1-wlan101) entered disabled state
[50964.899064] ath10k_ahb a800000.wifi: peer-unmap-event: unknown peer id 5
[50964.899211] ath10k_ahb a800000.wifi: peer-unmap-event: unknown peer id 5
Fri Nov  8 10:52:48 2019 kern.warn kernel: [50964.899064] ath10k_ahb a800000.wifi: peer-unmap-event: unknown peer id 5
Fri Nov  8 10:52:48 2019 kern.warn kernel: [50964.899211] ath10k_ahb a800000.wifi: peer-unmap-event: unknown peer id 5
Fri Nov  8 10:52:48 2019 daemon.info nmeshd[2630]: Nmeshd: Disabled interface: phy1-wlan101
Fri Nov  8 10:52:48 2019 daemon.info nmeshd[2630]: Nmeshd: Freeing station node: cc:61:e5:f4:bc:97
Fri Nov  8 10:52:48 2019 daemon.info nmeshd[2630]: Nmeshd: Freeing station node: 24:77:03:af:2f:08
Fri Nov  8 10:52:48 2019 daemon.info nmeshd[2630]: Nmeshd: DETACH
Fri Nov  8 10:52:48 2019 daemon.info nmeshd[2630]: Nmeshd: REMOVE phy0-wlan0[50964.957704] device phy0-wlan0 left promiscuous mode

Fri Nov  8 10:52:49 2019 kern.info kernel: [50964.957704] device phy0-wlan0 left promiscuous mode
Fri Nov  8 10:52:49 2019 kern.info kernel: [50964.970280] br-lan: port 4(phy0-wlan0) entered disabled state
[50965.229004] ath10k_ahb a000000.wifi: peer-unmap-event: unknown peer id 2
[50965.229060] ath10k_ahb a000000.wifi: peer-unmap-event: unknown peer id 2
Fri Nov  8 10:52:49 2019 kern.warn kernel: [50965.229004] ath10k_ahb a000000.wifi: peer-unmap-event: unknown peer id 2
Fri Nov  8 10:52:49 2019 kern.warn kernel: [50965.229060] ath10k_ahb a000000.wifi: peer-unmap-event: unknown peer id 2
Fri Nov  8 10:52:49 2019 daemon.info nmeshd[2630]: Nmeshd: Removed interface: phy0-wlan0
[50965.418717] device phy0-mesh1 left promiscuous mode
[50965.418932] br-lan: port 2(phy0-mesh1) entered disabled state
[50965.422551] br-lan: port 3(phy1-mesh1) entered listening state
Fri Nov  8 10:52:49 2019 daemon.info nmeshd[2630]: Nmeshd: Deleted interface phy0-wlan0
Fri Nov  8 10:52:49 2019 daemon.info nmeshd[2630]: Nmeshd: Free vap node (0xb6edfba0, id=0)
Fri Nov  8 10:52:49 2019 daemon.info nmeshd[2630]: Nmeshd: Deinitialized context for 06:d9:f5:c1:0c:60
Fri Nov  8 10:52:49 2019 kern.info kernel: [50965.418717] device phy0-mesh1 left promiscuous mode
Fri Nov  8 10:52:49 2019 kern.info kernel: [50965.418932] br-lan: port 2(phy0-mesh1) entered disabled state[50965.435779] ath10k_ahb a000000.wi
fi: peer-unmap-event: unknown peer id 8

Fri Nov  8 10:52:49 2019 kern.info kernel: [50965.422551] br-lan: port 3(phy1-mesh1) entered listening state
Fri Nov  8 10:52:49 2019 daemon.info nmeshd[2630]: Nmeshd: Deleted wpa_s interface phy0-mesh1 from bridge br-lan
Fri Nov  8 10:52:49 2019 daemon.info nmeshd[2630]: Nmeshd: INTERFACE_REMOVE phy0-mesh1
Fri Nov  8 10:52:49 2019 kern.warn kernel: [50965.435779] ath10k_ahb a000000.wifi: peer-unmap-event: unknown peer id 8
[50967.085767] ***set sgi param 55: 896
[50967.085809] ***set agrr burst for BE 46: 8000
Fri Nov  8 10:52:51 2019 kern.warn kernel: [50967.085767] ***set sgi param 55: 896
[50967.090650] IPv6: ADDRCONF(NETDEV_UP): phy0-mesh1: link is not readyurst for BE 46: 8000

Fri Nov  8 10:52:51 2019 kern.info kernel: [50967.090650] IPv6: ADDRCONF(NETDEV_UP): phy0-mesh1: link is not ready
Fri Nov  8 10:52:51 2019 daemon.info nmeshd[2630]: Nmeshd: Removed wpa_s interface: phy0-mesh1
Fri Nov  8 10:52:51 2019 daemon.info nmeshd[2630]: Nmeshd: Deleted interface phy0-mesh1
Fri Nov  8 10:52:51 2019 daemon.info nmeshd[2630]: Nmeshd: Free vap node (0xb6eb6c10, id=1)
Fri Nov  8 10:52:51 2019 daemon.info nmeshd[2630]: Nmeshd: DETACH
Fri Nov  8 10:52:51 2019 daemon.info nmeshd[2630]: Nmeshd: <3>AP-DISABLED
Fri Nov  8 10:52:51 2019 daemon.info nmeshd[2630]: Nmeshd: REMOVE phy0-wlan101
Fri Nov  8 10:52:51 2019 daemon.info nmeshd[2630]: Nmeshd: Removed interface: phy0-wlan101
[50967.487463] br-lan: port 3(phy1-mesh1) entered learning state
Fri Nov  8 10:52:51 2019 kern.info kernel: [50967.487463] br-lan: port 3(phy1-mesh1) entered learning state
Fri Nov  8 10:52:51 2019 daemon.info nmeshd[2630]: Nmeshd: Deleted interface phy0-wlan101
Fri Nov  8 10:52:51 2019 daemon.info nmeshd[2630]: Nmeshd: Free vap node (0xb6c76120, id=101)
Fri Nov  8 10:52:51 2019 daemon.info nmeshd[2630]: Nmeshd: Free radio node (0xb6cc24b0, type='2.4 GHz') created for phy0
Fri Nov  8 10:52:51 2019 daemon.info nmeshd[2630]: Nmeshd: Deinitialize mac80211 driver interface
Fri Nov  8 10:52:51 2019 daemon.info nmeshd[2630]: Nmeshd: Freeing station node: 10:0b:a9:57:d9:1c
Fri Nov  8 10:52:51 2019 daemon.info nmeshd[2630]: Nmeshd: Freeing station node: 24:77:03:a3:3b:30
Fri Nov  8 10:52:51 2019 daemon.info nmeshd[2630]: Nmeshd: Freeing station node: dc:a2:66:01:7c:b1
Fri Nov  8 10:52:51 2019 daemon.info nmeshd[2630]: Nmeshd: Freeing station node: c4:0b:cb:dd:2a:e7
Fri Nov  8 10:52:51 2019 daemon.info nmeshd[2630]: Nmeshd: DETACH
[50967.648059] device phy1-wlan0 left promiscuous modeshd: REMOVE phy1-wlan0

Fri Nov  8 10:52:51 2019 kern.info kernel: [50967.648059] device phy1-wlan0 left promiscuous mode
Fri Nov  8 10:52:51 2019 kern.info kernel: [50967.660270] br-lan: port 5(phy1-wlan0) entered disabled state
[50967.729015] ath10k_warn: 2 callbacks suppressed
[50967.729033] ath10k_ahb a800000.wifi: peer-unmap-event: unknown peer id 2
[50967.732404] ath10k_ahb a800000.wifi: peer-unmap-event: unknown peer id 2
Fri Nov  8 10:52:51 2019 kern.warn kernel: [50967.729015] ath10k_warn: 2 callbacks suppressed
Fri Nov  8 10:52:51 2019 kern.warn kernel: [50967.729033] ath10k_ahb a800000.wifi: peer-unmap-event: unknown peer id 2
Fri Nov  8 10:52:51 2019 kern.warn kernel: [50967.732404] ath10k_ahb a800000.wifi: peer-unmap-event: unknown peer id 2
Fri Nov  8 10:52:51 2019 daemon.info nmeshd[2630]: Nmeshd: Removed interface: phy1-wlan0
[50967.938765] device phy1-mesh1 left promiscuous mode
[50967.938961] br-lan: port 3(phy1-mesh1) entered disabled state
[50967.942545] br-lan: topology change detected, propagating
Fri Nov  8 10:52:51 2019 daemon.info nmeshd[2630]: Nmeshd: Deleted interface phy1-wlan0
Fri Nov  8 10:52:51 2019 daemon.info nmeshd[2630]: Nmeshd: Free vap node (0xb6ea1a50, id=0)
Fri Nov  8 10:52:51 2019 daemon.info nmeshd[2630]: Nmeshd: Deinitialized context for 06:d9:f5:c1:0c:64
Fri Nov  8 10:52:51 2019 daemon.info nmeshd[2630]: Nmeshd: successfully deinitialized
Fri Nov  8 10:52:51 2019 kern.info kernel: [50967.938765] device phy1-mesh1 left promiscuous mode
[50967.955148] ath10k_ahb a800000.wifi: peer-unmap-event: unknown peer id 9y1-mesh1) entered disabled state

Fri Nov  8 10:52:51 2019 kern.info kernel: [50967.942545] br-lan: topology change detected, propagating
Fri Nov  8 10:52:51 2019 daemon.info nmeshd[2630]: Nmeshd: Deleted wpa_s interface phy1-mesh1 from bridge br-lan
Fri Nov  8 10:52:51 2019 daemon.info nmeshd[2630]: Nmeshd: INTERFACE_REMOVE phy1-mesh1
Fri Nov  8 10:52:52 2019 kern.warn kernel: [50967.955148] ath10k_ahb a800000.wifi: peer-unmap-event: unknown peer id 9
[50968.012159] ath10k_ahb a800000.wifi: peer-unmap-event: unknown peer id 1
Fri Nov  8 10:52:52 2019 kern.warn kernel: [50968.007776] ath10k_ahb a800000.wifi: peer-unmap-event: unknown peer id 1
Fri Nov  8 10:52:52 2019 kern.warn kernel: [50968.012159] ath10k_ahb a800000.wifi: peer-unmap-event: unknown peer id 1
[50969.654239] ***set sgi param 55: 896
[50969.654280] ***set agrr burst for BE 46: 8000
Fri Nov  8 10:52:53 2019 kern.warn kernel: [50969.654239] ***set sgi param 55: 8[50969.659793] IPv6: ADDRCONF(NETDEV_UP): phy1-mesh1: link is n
ot ready
96
Fri Nov  8 10:52:53 2019 kern.warn kernel: [50969.654280] ***set agrr burst for BE 46: 8000
Fri Nov  8 10:52:53 2019 kern.info kernel: [50969.659793] IPv6: ADDRCONF(NETDEV_UP): phy1-mesh1: link is not ready
Fri Nov  8 10:52:53 2019 daemon.info nmeshd[2630]: Nmeshd: Removed wpa_s interface: phy1-mesh1
Fri Nov  8 10:52:53 2019 daemon.info nmeshd[2630]: Nmeshd: Deleted interface phy1-mesh1
Fri Nov  8 10:52:53 2019 daemon.info nmeshd[2630]: Nmeshd: Free vap node (0xb6bd80b0, id=1)
Fri Nov  8 10:52:53 2019 daemon.info nmeshd[2630]: Nmeshd: DETACH
Fri Nov  8 10:52:53 2019 daemon.info nmeshd[2630]: Nmeshd: <3>AP-DISABLED
Fri Nov  8 10:52:53 2019 daemon.info nmeshd[2630]: Nmeshd: REMOVE phy1-wlan101
Fri Nov  8 10:52:53 2019 daemon.info nmeshd[2630]: Nmeshd: Removed interface: phy1-wlan101
Fri Nov  8 10:52:54 2019 daemon.info nmeshd[2630]: Nmeshd: Deleted interface phy1-wlan101
Fri Nov  8 10:52:54 2019 daemon.info nmeshd[2630]: Nmeshd: Free vap node (0xb6c76530, id=101)
Fri Nov  8 10:52:54 2019 daemon.info nmeshd[2630]: Nmeshd: Free radio node (0xb6f68090, type='5 GHz') created for phy1
Fri Nov  8 10:52:54 2019 daemon.info nmeshd[2630]: Nmeshd: Deinitialize mac80211 driver interface
Fri Nov  8 10:52:54 2019 daemon.info nmeshd[2630]: Nmeshd: Deinitialized nl80211/mac80211 successfully
Fri Nov  8 10:52:54 2019 daemon.info nmeshd[2630]: Nmeshd: ELOOP: remaining timeout: 997.072831 eloop_data=0xb68090 user_data=0 handler=0x4b0b8
Fri Nov  8 10:52:56 2019 daemon.err odhcp6c[2257]: Failed to send DHCPV6 message to ff02::1:2 (Permission denied)
[50975.161910] br-lan: port 1(eth0) entered disabled state: 94f4162-dev Build Date: 071119_18:52:12

Fri Nov  8 10:52:59 2019 daemon.info nmeshd[4354]: Nmeshd: Diag[509 interface ready
Fri Nov  8 10:75.152:59 2019 daemon.info nmeshd[43748954]: Nmeshd: Found driver interf4] bace ath10k_pci for phy0
Fri Novr-la  8 10:52:59 2019 daemon.info nmn: peshd[4354]: Nmeshd: Initializing1(et80211 driver interface
own red  8 10:52:59 2019 daemon.notieninetifd: bridge 'br-lan' link ate
Fri Nov  8 10:52:59 2019 daemon.notice netifd: Interface 'lan' has link connectivity loss
[50975.185558] IPv6: ADDRCONF(NETDEV_UP): br-lan: link is not ready
Fri Nov  8 10:52:59 2019 kern.info kernel: [50975.161910] br-lan: port 1(eth0) entered disabled stat[50975.225859] br-wan: port 1(eth1) entered
 blocking state
e
Fri Nov  8 10:52:59 2019 kern.info kernel: [50975.170780] br-lan: port 1(eth0) entered blocking state
Fri Nov  8 10:52:59 2019 kern.info kernel: [50975.174894] br-lan: port 1(eth0) entered listening state[50975.236857] IPv6: ADDRCONF(NETDEV_UP):
 br-wan: link is not ready

Fri Nov  8 10:52:59 2019 kern.info kernel: [50975.185558] IPv6: ADDRCONF(NETDEV_UP): br-lan: link is not ready
Fri Nov  8 10:52:59 2019 kern.info kernel: [50975.215821] br-wan: port 1(eth1) entered disabled state
Fri Nov  8 10:52:59 2019 daemon.notice netifd: bridge 'br-wan' link is down
Fri Nov  8 10:52:59 2019 daemon.notice netifd: Interface 'wan' has link connectivity loss
Fri Nov  8 10:52:59 2019 kern.info kernel: [50975.225859] br-wan: port 1(eth1) entered blocking state
Fri Nov  8 10:52:59 2019 kern.info kernel: [50975.230071] br-wan: port 1(eth1) entered listening state
Fri Nov  8 10:52:59 2019 kern.info kernel: [50975.236857] IPv6: ADDRCONF(NETDEV_UP): br-wan: link is not ready
Fri Nov  8 10:52:59 2019 daemon.info nmeshd[4354]: Nmeshd: Connected to hostapd successfully
Fri Nov  8 10:52:59 2019 daemon.info nmeshd[4354]: Nmeshd: Connected with global wpa_s
Fri Nov  8 10:52:59 2019 daemon.info nmeshd[4354]: Nmeshd: PING
Fri Nov  8 10:52:59 2019 daemon.info nmeshd[4354]: Nmeshd: PONG from hostapd !
Fri Nov  8 10:52:59 2019 daemon.info nmeshd[4354]: Nmeshd: INTERFACES
Fri Nov  8 10:52:59 2019 daemon.info nmeshd[4354]: Nmeshd: PING
Fri Nov  8 10:52:59 2019 daemon.info nmeshd[4354]: Nmeshd: PONG from wpa_s !
Fri Nov  8 10:52:59 2019 daemon.info nmeshd[4354]: Nmeshd: INTERFACES
Fri Nov  8 10:52:59 2019 daemon.info nmeshd[4354]: Nmeshd: Initialized nl80211/mac80211 successfully
Fri Nov  8 10:52:59 2019 daemon.info nmeshd[4354]: Nmeshd: MAC Address for PHY phy0: 04:d9:f5:c1:0c:60
Fri Nov  8 10:52:59 2019 daemon.info nmeshd[4354]: Nmeshd: PHY phy0 is of type 2.4 GHz
Fri Nov  8 10:52:59 2019 daemon.info nmeshd[4354]: Nmeshd: Radio node (0xb6ccf4b0, type='2.4 GHz', phyindex=0) created for phy0
Fri Nov  8 10:52:59 2019 daemon.info nmeshd[4354]: Nmeshd: Found driver interface ath10k_pci for phy1
Fri Nov  8 10:52:59 2019 daemon.info nmeshd[4354]: Nmeshd: Initializing mac80211 driver interface
Fri Nov  8 10:52:59 2019 daemon.info nmeshd[4354]: Nmeshd: MAC Address for PHY phy1: 04:d9:f5:c1:0c:64
Fri Nov  8 10:52:59 2019 daemon.info nmeshd[4354]: Nmeshd: PHY phy1 is of type 5 GHz
Fri Nov  8 10:52:59 2019 daemon.info nmeshd[4354]: Nmeshd: Radio node (0xb6f75090, type='5 GHz', phyindex=1) created for phy1
Fri Nov  8 10:52:59 2019 daemon.info nmeshd[4354]: Nmeshd: Using last known config
Fri Nov  8 10:52:59 2019 daemon.info nmeshd[4354]: Nmeshd: Initialized libconfig with /etc/nmeshd.conf
Fri Nov  8 10:52:59 2019 daemon.info nmeshd[4354]: Nmeshd: Initialized libconfig with /etc/nmeshd.conf
Fri Nov  8 10:52:59 2019 daemon.info nmeshd[4354]: Nmeshd: configured as root node
Fri Nov  8 10:52:59 2019 daemon.info nmeshd[4354]: Nmeshd: Allocated vap node with id: 0
Fri Nov  8 10:52:59 2019 daemon.info nmeshd[4354]: Nmeshd: Creating new AP vap phy0-wlan0 with MAC: 04:d9:f5:c1:0c:60
Fri Nov  8 10:52:59 2019 daemon.notice netifd: wan (3043): udhcpc: received SIGTERM
Fri Nov  8 10:52:59 2019 daemon.info nmeshd[4354]: Nmeshd: ADD phy0-wlan0 /var/run/hostapd nl80211
Fri Nov  8 10:52:59 2019 daemon.info nmeshd[4354]: Nmeshd: Added interface: phy0-wlan0
Fri Nov  8 10:52:59 2019 daemon.info nmeshd[4354]: Nmeshd: ATTACH
Fri Nov  8 10:52:59 2019 daemon.info nmeshd[4354]: Nmeshd: Created new interface phy0-wlan0
Fri Nov  8 10:52:59 2019 daemon.info nmeshd[4354]: Nmeshd: LOG_LEVEL INFO
Fri Nov  8 10:52:59 2019 daemon.info nmeshd[4354]: Nmeshd: Allocated vap node with id: 1
Fri Nov  8 10:52:59 2019 daemon.info nmeshd[4354]: Nmeshd: Creating radio phy0 mesh vap phy0-mesh1
Fri Nov  8 10:52:59 2019 daemon.info nmeshd[4354]: Nmeshd: Creating new Mesh vap phy0-mesh1 with MAC: 06:d9:f5:c1:0c:60
Fri Nov  8 10:52:59 2019 daemon.info nmeshd[4354]: Nmeshd: INTERFACE_ADD phy0-mesh1                     /var/run/wpa_supplicant
[50976.857326] ***set sgi param 55: 896
[50976.857387] ***set agrr burst for BE 46: 8000
[50976.861437] IPv6: ADDRCONF(NETDEV_UP): phy0-mesh1: link is not ready
Fri Nov  8 10:53:00 2019 kern.warn kernel: [50976.857326] ***set sgi param 55: 896
Fri Nov  8 10:53:00 2019 kern.warn kernel: [50976.857387] ***set agrr burst for BE 46: 8000
Fri Nov  8 10:53:00 2019 kern.info kernel: [50976.861437] IPv6: ADDRCONF(NETDEV_UP): phy0-mesh1: link is not ready
[50976.930506] br-lan: port 2(phy0-mesh1) entered blocking state
[50976.930547] br-lan: port 2(phy0-mesh1) entered disabled state
[50976.935911] device phy0-mesh1 entered promiscuous mode
Fri Nov  8 10:53:00 2019 kern.info kernel: [50976.930506] br-lan: port 2(phy0-mesh1) entered blocking state
Fri Nov  8 10:53:00 2019 kern.info kernel: [50976.930547] br-lan: port 2(phy0-mesh1) entered disabled state
Fri Nov  8 10:53:00 2019 kern.info kernel: [50976.935911] device phy0-mesh1 entered promiscuous mode
Fri Nov  8 10:53:00 2019 daemon.info nmeshd[4354]: Nmeshd: Added wpa_s interface: phy0-mesh1
Fri Nov  8 10:53:00 2019 daemon.info nmeshd[4354]: Nmeshd: Added wpa_s interface phy0-mesh1 into bridge br-lan
Fri Nov  8 10:53:00 2019 daemon.info nmeshd[4354]: Nmeshd: Connected with wpa_s for phy0-mesh1
Fri Nov  8 10:53:00 2019 daemon.info nmeshd[4354]: Nmeshd: Created new mesh interface phy0-mesh1
Fri Nov  8 10:53:00 2019 daemon.info nmeshd[4354]: Nmeshd: can't open /sys/class/power_supply/BAT0
Fri Nov  8 10:53:00 2019 daemon.info nmeshd[4354]: Nmeshd: can't open /sys/class/power_supply/BAT1
Fri Nov  8 10:53:00 2019 daemon.info nmeshd[4354]: Nmeshd: sys score, param 0, max 600, weight 70
Fri Nov  8 10:53:00 2019 daemon.info nmeshd[4354]: Nmeshd: sys score, param 1, max 100, weight 15
Fri Nov  8 10:53:00 2019 daemon.info nmeshd[4354]: Nmeshd: sys score, param 2, max 100, weight 15
Fri Nov  8 10:53:00 2019 daemon.info nmeshd[4354]: Nmeshd: dst score, param 0, max 0, weight 75
Fri Nov  8 10:53:00 2019 daemon.info nmeshd[4354]: Nmeshd: dst score, param 1, max 100, weight 25
Fri Nov  8 10:53:00 2019 daemon.info nmeshd[4354]: Nmeshd: Allocated context for 06:d9:f5:c1:0c:60
Fri Nov  8 10:53:00 2019 daemon.info nmeshd[4354]: Nmeshd: successfully initialized
Fri Nov  8 10:53:00 2019 daemon.info nmeshd[4354]: Nmeshd: Allocated vap node with id: 0
Fri Nov  8 10:53:00 2019 daemon.info nmeshd[4354]: Nmeshd: Creating new AP vap phy1-wlan0 with MAC: 04:d9:f5:c1:0c:64
Fri Nov  8 10:53:00 2019 daemon.info nmeshd[4354]: Nmeshd: ADD phy1-wlan0 /var/run/hostapd nl80211
Fri Nov  8 10:53:00 2019 daemon.info nmeshd[4354]: Nmeshd: Added interface: phy1-wlan0
Fri Nov  8 10:53:00 2019 daemon.info nmeshd[4354]: Nmeshd: ATTACH
Fri Nov  8 10:53:01 2019 daemon.info nmeshd[4354]: Nmeshd: Created new interface phy1-wlan0
Fri Nov  8 10:53:01 2019 daemon.info nmeshd[4354]: Nmeshd: LOG_LEVEL INFO
Fri Nov  8 10:53:01 2019 daemon.info nmeshd[4354]: Nmeshd: Allocated vap node with id: 1
Fri Nov  8 10:53:01 2019 daemon.info nmeshd[4354]: Nmeshd: Creating radio phy1 mesh vap phy1-mesh1
Fri Nov  8 10:53:01 2019 daemon.info nmeshd[4354]: Nmeshd: Creating new Mesh vap phy1-mesh1 with MAC: 06:d9:f5:c1:0c:64
Fri Nov  8 10:53:01 2019 daemon.info nmeshd[4354]: Nmeshd: INTERFACE_ADD phy1-mesh1                     /var/run/wpa_supplicant
[50977.237427] br-wan: port 1(eth1) entered learning state
[50977.237621] br-lan: port 1(eth0) entered learning state
Fri Nov  8 10:53:01 2019 kern.info kernel: [50977.237427] br-wan: port 1(eth1) entered learning state
Fri Nov  8 10:53:01 2019 kern.info kernel: [50977.237621] br-lan: port 1(eth0) entered learning state
Fri Nov  8 10:53:01 2019 daemon.info dnsmasq[3361]: exiting on receipt of SIGTERM
[50978.562661] ***set sgi param 55: 896
[50978.562704] ***set agrr burst for BE 46: 8000
[50978.566681] IPv6: ADDRCONF(NETDEV_UP): phy1-mesh1: link is not ready
Fri Nov  8 10:53:02 2019 kern.warn kernel: [50978.562661] ***set sgi param 55: 896
Fri Nov  8 10:53:02 2019 kern.warn kernel: [50978.562704] ***set agrr burst for BE 46: 8000
Fri Nov  8 10:53:02 2019 kern.info kernel: [50978.566681] IPv6: ADDRCONF(NETDEV_UP): phy1-mesh1: link is not ready
Fri Nov  8 10:53:02 2019 daemon.info dnsmasq[4536]: started, version 2.78 cachesize 150
Fri Nov  8 10:53:02 2019 daemon.info dnsmasq[4536]: DNS service limited to local subnets
Fri Nov  8 10:53:02 2019 daemon.info dnsmasq[4536]: compile time options: IPv6 GNU-getopt no-DBus no-i18n no-IDN DHCP no-DHCPv6 no-Lua TFTP no-
conntrack no-ipset no-auth no-DNSSEC no-ID loop-detect inotify
Fri Nov  8 10:53:02 2019 daemon.info dnsmasq-dhcp[4536]: DHCP, IP range 172.16.12.100 -- 172.16.12.249, lease time 12h
Fri Nov  8 10:53:02 2019 daemon.info dnsmasq[4536]: using local addresses only for domain test
Fri Nov  8 10:53:02 2019 daemon.info dnsmasq[4536]: using local addresses only for domain onion
Fri Nov  8 10:53:02 2019 daemon.info dnsmasq[4536]: using local addresses only for domain localhost
Fri Nov  8 10:53:02 2019 daemon.info dnsmasq[4536]: using local addresses only for domain local
Fri Nov  8 10:53:02 2019 daemon.info dnsmasq[4536]: using local addresses only for domain invalid
Fri Nov  8 10:53:02 2019 daemon.info dnsmasq[4536]: using local addresses only for domain example.net
Fri Nov  8 10:53:02 2019 daemon.info dnsmasq[4536]: using local addresses only for domain example.org
Fri Nov  8 10:53:02 2019 daemon.info dnsmasq[4536]: using local addresses only for domain example.com
Fri Nov  8 10:53:02 2019 daemon.info dnsmasq[4536]: using 3 more local addresses
Fri Nov  8 10:53:02 2019 daemon.info dnsmasq[4536]: reading /tmp/resolv.conf.auto
Fri Nov  8 10:53:02 2019 daemon.info dnsmasq[4536]: using local addresses only for domain test
Fri Nov  8 10:53:02 2019 daemon.info dnsmasq[4536]: using local addresses only for domain onion
Fri Nov  8 10:53:02 2019 daemon.info dnsmasq[4536]: using local addresses only for domain localhost
Fri Nov  8 10:53:02 2019 daemon.info dnsmasq[4536]: using local addresses only for domain local
Fri Nov  8 10:53:02 2019 daemon.info dnsmasq[4536]: using local addresses only for domain invalid
Fri Nov  8 10:53:02 2019 daemon.info dnsmasq[4536]: using local addresses only for domain example.net
Fri Nov  8 10:53:02 2019 daemon.info dnsmasq[4536]: using local addresses only for domain example.org
Fri Nov  8 10:53:02 2019 daemon.info dnsmasq[4536]: using local addresses only for domain example.com
Fri Nov  8 10:53:02 2019 daemon.info dnsmasq[4536]: using nameserver 192.168.40.1#53
Fri Nov  8 10:53:02 2019 daemon.info dnsmasq[4536]: using nameserver 192.168.40.1#53
Fri Nov  8 10:53:02 2019 daemon.info dnsmasq[4536]: using 3 more local addresses
Fri Nov  8 10:53:02 2019 daemon.info dnsmasq[4536]: read /etc/hosts - 4 addresses
Fri Nov  8 10:53:02 2019 daemon.info dnsmasq[4536]: read /tmp/hosts/odhcpd - 0 addresses
Fri Nov  8 10:53:02 2019 daemon.info dnsmasq[4536]: read /tmp/hosts/dhcp.cfg01411c - 1 addresses
Fri Nov  8 10:53:02 2019 daemon.info dnsmasq-dhcp[4536]: read /etc/ethers - 0 addresses
Fri Nov  8 10:53:02 2019 daemon.warn dnsmasq-dhcp[4536]: not giving name Qubercomm.lan to the DHCP lease of 172.16.12.124 because the name exis
ts in /tmp/hosts/dhcp.cfg01411c with address 172.16.12.1
Fri Nov  8 10:53:02 2019 daemon.warn dnsmasq-dhcp[4536]: not giving name Qubercomm to the DHCP lease of 172.16.12.124 because the name exists i
[50978.610802] br-lan: port 3(phy1-mesh1) entered blocking state

Fri Nov  8 10:53:02 2019 daemon.info nmeshd[4354]: Nmeshd: Added wpa_s interface: phy1-mesh1[50978.893741] device phy1-mesh1 entered promiscuou
s mode

Fri Nov  8 10:53:02 2019 kern.info kernel: [50978.610802] br-lan: port 3(phy1-mesh1) entered blocking state
Fri Nov  8 10:53:02 2019 kern.info kernel: [50978.886269] br-lan: port 3(phy1-mesh1) entered disabled state
Fri Nov  8 10:53:02 2019 daemon.info nmeshd[4354]: Nmeshd: Added wpa_s interface phy1-mesh1 into bridge br-lan
Fri Nov  8 10:53:02 2019 daemon.info nmeshd[4354]: Nmeshd: Connected with wpa_s for phy1-mesh1
Fri Nov  8 10:53:02 2019 daemon.info nmeshd[4354]: Nmeshd: Created new mesh interface phy1-mesh1[50978.928419] ***set sgi param 55: 896

Fri Nov  8 10:53:02 2019 daemon.info nmeshd[4354]: Nmeshd: can't open /sys/class/power_supply/BAT0
Fri Nov  8 10:53:02 2019 daemon.info nmeshd[4354]: Nmeshd: can't open /sys/class/power_supply/BAT1
Fri Nov  8 10:53:02 2019 daemon.info nmeshd[4354]: Nmeshd: sys score, param 0, max 600, weight 70
Fri Nov  8 10:53:02 2019 daemon.info nmeshd[4354]: Nmeshd: sys score, param 1, max 100, weight 15
Fri Nov  8 10:53:02 2019 daemon.info nmeshd[4354]: Nmeshd: sys score, param 2, max 100, weight 15
Fri Nov  8 10:53:02 2019 daemon.info nmeshd[4354]: Nmeshd: dst score, param 0, max 0, weight 75
Fri Nov  8 10:53:02 2019 daemon.info nmeshd[4354]: Nmeshd: dst score, param 1, max 100, weight 25
Fri Nov  8 10:53:02 2019 daemon.info nmeshd[4354]: Nmeshd: Allocated context for 06:d9:f5:c1:0c:64
Fri Nov  8 10:53:02 2019 kern.info kernel: [50978.893741] device phy1-mesh1 entered promiscuous mode
Fri Nov  8 10:53:02 2019 daemon.info nmeshd[4354]: Nmeshd: Commiting received configuration
Fri Nov  8 10:53:02 2019 daemon.info nmeshd[4354]: Nmeshd: txpower 20 dBm has been set
Fri Nov  8 10:53:02 2019 daemon.info nmeshd[4354]: Nmeshd: Commit config for AP VAP phy0-wlan0
Fri Nov  8 10:53:02 2019 daemon.info nmeshd[4354]: Nmeshd: STATUS
Fri Nov  8 10:53:02 2019 daemon.info nmeshd[4354]: Nmeshd: State of interface phy0-wlan0 is UNINITIALIZED
Fri Nov  8 10:53:02 2019 daemon.info nmeshd[4354]: Nmeshd: IFNAME=phy0-wlan0 SET bssid 04:d9:f5:c1:0c:60
Fri Nov  8 10:53:02 2019 daemon.info nmeshd[4354]: Nmeshd: IFNAME=phy0-wlan0 SET ssid buffer-test
Fri Nov  8 10:53:02 2019 daemon.info nmeshd[4354]: Nmeshd: IFNAME=phy0-wlan0 SET hw_mode g
Fri Nov  8 10:53:02 2019 daemon.info nmeshd[4354]: Nmeshd: IFNAME=phy0-wlan0 SET channel 11
Fri Nov  8 10:53:02 2019 daemon.info nmeshd[4354]: Nmeshd: IFNAME=phy0-wlan0 SET preamble 1
Fri Nov  8 10:53:02 2019 daemon.info nmeshd[4354]: Nmeshd: IFNAME=phy0-wlan0 SET wmm_enabled 1
Fri Nov  8 10:53:02 2019 daemon.info nmeshd[4354]: Nmeshd: IFNAME=phy0-wlan0 SET disassoc_low_ack 1
Fri Nov  8 10:53:02 2019 daemon.info nmeshd[4354]: Nmeshd: IFNAME=phy0-wlan0 SET uapsd_advertisement_enabled 1
Fri Nov  8 10:53:02 2019 daemon.info nmeshd[4354]: Nmeshd: IFNAME=phy0-wlan0 SET bss_transition 1
Fri Nov  8 10:53:02 2019 daemon.info nmeshd[4354]: Nmeshd: IFNAME=phy0-wlan0 SET rrm_neighbor_report 1
Fri Nov  8 10:53:02 2019 daemon.info nmeshd[4354]: Nmeshd: IFNAME=phy0-wlan0 SET rrm_beacon_report 1
Fri Nov  8 10:53:02 2019 daemon.info nmeshd[4354]: Nmeshd: IFNAME=phy0-wlan0 SET track_sta_max_num 255
Fri Nov  8 10:53:02 2019 daemon.info nmeshd[4354]: Nmeshd: IFNAME=phy0-wlan0 SET track_sta_max_age 180
Fri Nov  8 10:53:02 2019 daemon.info nmeshd[4354]: Nmeshd: IFNAME=phy0-wlan0 SET ignore_broadcast_ssid 0
Fri Nov  8 10:53:02 2019 daemon.info nmeshd[4354]: Nmeshd: IFNAME=phy0-wlan0 SET macaddr_acl 0
Fri Nov  8 10:53:02 2019 daemon.info nmeshd[4354]: Nmeshd: IFNAME=phy0-wlan0 SET country_code AT
Fri Nov  8 10:53:02 2019 daemon.info nmeshd[4354]: Nmeshd: IFNAME=phy0-wlan0 SET ieee80211d 1
Fri Nov  8 10:53:02 2019 daemon.info nmeshd[4354]: Nmeshd: IFNAME=phy0-wlan0 SET ieee80211h 1
Fri Nov  8 10:53:02 2019 daemon.info nmeshd[4354]: Nmeshd: IFNAME=phy0-wlan0 SET no_pri_sec_switch 1
Fri Nov  8 10:53:02 2019 daemon.info nmeshd[4354]: Nmeshd: IFNAME=phy0-wlan0 SET bridge br-lan
Fri Nov  8 10:53:02 2019 daemon.info nmeshd[4354]: Nmeshd: IFNAME=phy0-wlan0 SET ieee80211n 1
Fri Nov  8 10:53:02 2019 daemon.info nmeshd[4354]: Nmeshd: IFNAME=phy0-wlan0 SET ht_capab [HT40-][DSSS_CCK-40][MAX-AMSDU-7935][TX-STBC][50978.9
57629] IPv6: ADDRCONF(NETDEV_UP): phy0-wlan0: link is not ready
[RX-STBC1][50979.273082] br-lan: port 4(phy0-wlan0) entered disabled state
[50979.273664] device phy0-wlan0 entered promiscuous mode
[50979.278828] br-lan: port 4(phy0-wlan0) entered blocking state
[50979.283835] br-lan: port 4(phy0-wlan0) entered listening state

Fri Nov  8 10:53:02 2019 daemon.info nmeshd[4354]: Nmeshd: IFNAME=phy0-wlan0 SET wpa 2
Fri Nov  8 10:53:02 2019 daemon.info nmeshd[4354]: Nmeshd: IFNAME=phy0-wlan0 SET wpa_key_mgmt WPA-PSK
Fri Nov  8 10:53:02 2019 daemon.info nmeshd[4354]: Nmeshd: IFNAME=phy0-wlan0 SET wpa_passphrase sudavasu
Fri Nov  8 10:53:02 2019 daemon.info nmeshd[4354]: Nmeshd: IFNAME=phy0-wlan0 SET rsn_pairwise CCMP
Fri Nov  8 10:53:02 2019 daemon.info nmeshd[4354]: Nmeshd: IFNAME=phy0-wlan0 ENABLE
Fri Nov  8 10:53:02 2019 kern.wa[50979.317403] br-lan: port 1(eth0) entered forwarding state
rn kernel: [50978.928419] ***set sgi param 55: 896
Fri Nov  8 10:53:02 2019 kern.warn kernel: [50978.951554] ***set agrr burst for BE 46: 8000
Fri Nov  8 10:53:02 2019 kern.info kernel: [50978.957629] IPv6: ADDRCONF(NETDEV_UP): phy0-wlan0: link is not ready
Fri Nov  8 10:53:03 2019 kern.info kernel: [50979.270477] br-lan: port 4(phy0-wlan0) entered blocking state
Fri Nov  8 10:53:03 2019 kern.info kernel: [50979.273082] br-lan: port 4(phy0-wlan0) entered disabled state
Fri Nov  8 10:53:03 2019 kern.info kernel: [50979.273664] device phy0-wlan0 entered promiscuous mode
Fri Nov  8 10:53:03 2019 kern.info kernel: [50979.278828] br-lan: port 4(phy0-wlan0) entered blocking state
Fri Nov  8 10:53:03 2019 kern.info kernel: [50979.283835] br-lan: port 4(phy0-wlan0) entered listening state[50979.346817] br-wan: port 1(eth1)
 entered forwarding state

Fri Nov  8 10:53:03 2019 kern.info kernel: [50979.317403] br-lan: port 1(eth0) entered forwarding state
Fri Nov  8 10:53:03 2019 kern.info kernel: [50979.339980] br-lan: topology change detected, propagating
Fri Nov  8 10:53:03 2019 kern.info kernel: [50979.346817] br-wan: port 1(eth1) entered forwarding state
Fri Nov  8 10:53:03 2019 kern.info kernel: [50979.414857] br-wan: topology change detected, propagating
[50979.602819] IPv6: ADDRCONF(NETDEV_CHANGE): phy0-wlan0: link becomes ready
[50979.603392] IPv6: ADDRCONF(NETDEV_CHANGE): br-lan: link becomes ready
[50979.609082] IPv6: ADDRCONF(NETDEV_CHANGE): br-wan: link becomes ready
Fri Nov  8 10:53:03 2019 kern.info kernel: [50979.602819] IPv6: ADDRCONF(NETDEV_CHANGE): phy0-wlan0: link becomes ready
Fri Nov  8 10:53:03 2019 kern.info kernel: [50979.603392] IPv6: ADDRCONF(NETDEV_CHANGE): br-lan: link becomes ready
Fri Nov  8 10:53:03 2019 daemon.notice netifd: bridge 'br-lan' link is up
Fri Nov  8 10:53:03 2019 daemon.notice netifd: Interface 'lan' has link connectivity
Fri Nov  8 10:53:03 2019 daemon.notice netifd: bridge 'br-wan' link is up
Fri Nov  8 10:53:03 2019 daemon.notice netifd: Interface 'wan' has link connectivity
Fri Nov  8 10:53:03 2019 daemon.notice netifd: Interface 'wan' is setting up now
Fri Nov  8 10:53:03 2019 kern.info kernel: [50979.609082] IPv6: ADDRCONF(NETDEV_CHANGE): br-wan: link becomes ready
Fri Nov  8 10:53:03 2019 daemon.info nmeshd[4354]: Nmeshd: Enabled interface: phy0-wlan0
Fri Nov  8 10:53:03 2019 daemon.info nmeshd[4354]: Nmeshd: Status of phy0-wlan0 is AP-ENABLED
Fri Nov  8 10:53:03 2019 daemon.info nmeshd[4354]: Nmeshd: Skipping interface phy1-mesh1
Fri Nov  8 10:53:03 2019 daemon.info nmeshd[4354]: Nmeshd: Skipping interface phy1-wlan0
Fri Nov  8 10:53:03 2019 daemon.info nmeshd[4354]: Nmeshd: Commit config for MESH VAP phy0-mesh1
Fri Nov  8 10:53:03 2019 daemon.info nmeshd[4354]: Nmeshd: IFNAME=phy0-mesh1 STATUS
Fri Nov  8 10:53:03 2019 daemon.info nmeshd[4354]: Nmeshd: State of wpa_s interface phy0-mesh1 is DISCONNECTED
Fri Nov  8 10:53:03 2019 daemon.info nmeshd[4354]: Nmeshd: IFNAME=phy0-mesh1 FLUSH
Fri Nov  8 10:53:03 2019 daemon.info nmeshd[4354]: Nmeshd: Flushed wpa_s interface: phy0-mesh1
Fri Nov  8 10:53:03 2019 daemon.info nmeshd[4354]: Nmeshd: ATTACH
Fri Nov  8 10:53:03 2019 daemon.info nmeshd[4354]: Nmeshd: IFNAME=phy0-mesh1 ADD_NETWORK
Fri Nov  8 10:53:03 2019 daemon.info nmeshd[4354]: Nmeshd: Added wpa_s network: 0 for: phy0-mesh1
Fri Nov  8 10:53:03 2019 daemon.info nmeshd[4354]: Nmeshd: IFNAME=phy0-mesh1 SET_NETWORK 0 ssid "Qmesh-BVCO"
Fri Nov  8 10:53:03 2019 daemon.info nmeshd[4354]: Nmeshd: IFNAME=phy0-mesh1 SET_NETWORK 0 frequency 2462
Fri Nov  8 10:53:03 2019 daemon.info nmeshd[4354]: Nmeshd: IFNAME=phy0-mesh1 SET_NETWORK 0 mode 5
Fri Nov  8 10:53:03 2019 daemon.info nmeshd[4354]: Nmeshd: IFNAME=phy0-mesh1 SET_NETWORK 0 beacon_int 100
Fri Nov  8 10:53:03 2019 daemon.info nmeshd[4354]: Nmeshd: IFNAME=phy0-mesh1 SET_NETWORK 0 fixed_freq 1
Fri Nov  8 10:53:03 2019 daemon.info nmeshd[4354]: Nmeshd: IFNAME=phy0-mesh1 SET_NETWORK 0 key_mgmt SAE
Fri Nov  8 10:53:03 2019 daemon.info nmeshd[4354]: Nmeshd: IFNAME=phy0-mesh1 SET_NETWORK 0 psk "UOPAVNRC"
Fri Nov  8 10:53:03 2019 daemon.notice netifd: wan (4646): udhcpc: started, v1.27.2
Fri Nov  8 10:53:03 2019 daemon.info nmeshd[4354]: Nmeshd: IFNAME=phy0-mesh1 ENABLE_NETWORK 0
Fri Nov  8 10:53:03 2019 daemon.info nmeshd[4354]: Nmeshd: Enabled wpa_s network: 0 for: phy0-mesh1
Fri Nov  8 10:53:03 2019 daemon.notice netifd: wan (4646): udhcpc: sending discover
Fri Nov  8 10:53:04 2019 daemon.notice netifd: wan (4646): udhcpc: sending select for 192.168.40.237
Fri Nov  8 10:53:04 2019 daemon.notice netifd: wan (4646): udhcpc: lease of 192.168.40.237 obtained, lease time 86400
Fri Nov  8 10:53:04 2019 daemon.warn dnsmasq[4536]: no servers found in /tmp/resolv.conf.auto, will retry
Fri Nov  8 10:53:04 2019 daemon.notice netifd: Interface 'wan' is now up
Fri Nov  8 10:53:04 2019 daemon.info dnsmasq[4536]: reading /tmp/resolv.conf.auto
Fri Nov  8 10:53:04 2019 daemon.info dnsmasq[4536]: using local addresses only for domain test
Fri Nov  8 10:53:04 2019 daemon.info dnsmasq[4536]: using local addresses only for domain onion
Fri Nov  8 10:53:04 2019 daemon.info dnsmasq[4536]: using local addresses only for domain localhost
Fri Nov  8 10:53:04 2019 daemon.info dnsmasq[4536]: using local addresses only for domain local
Fri Nov  8 10:53:04 2019 daemon.info dnsmasq[4536]: using local addresses only for domain invalid
Fri Nov  8 10:53:04 2019 daemon.info dnsmasq[4536]: using local addresses only for domain example.net
Fri Nov  8 10:53:04 2019 daemon.info dnsmasq[4536]: using local addresses only for domain example.org
Fri Nov  8 10:53:04 2019 daemon.info dnsmasq[4536]: using local addresses only for domain example.com
Fri Nov  8 10:53:04 2019 daemon.info dnsmasq[4536]: using nameserver 192.168.40.1#53
Fri Nov  8 10:53:04 2019 daemon.info dnsmasq[4536]: using nameserver 192.168.40.1#53
Fri Nov  8 10:53:04 2019 daemon.info dnsmasq[4536]: using 3 more local addresses
Fri Nov  8 10:53:04 2019 user.notice firewall: Reloading firewall due to ifup of wan (br-wan)
[50981.281491] IPv6: ADDRCONF(NETDEV_CHANGE): phy0-mesh1: link becomes ready
[50981.281736] br-lan: port 2(phy0-mesh1) entered blocking state
[50981.287291] br-lan: port 2(phy0-mesh1) entered listening state
Fri Nov  8 10:53:05 2019 kern.info kernel: [50981.281491] IPv6: ADDRCONF(NETDEV_CHANGE): phy0-mesh1: link becomes ready
Fri Nov  8 10:53:05 2019 kern.info kernel: [50981.281736] br-lan: port 2(phy0-mesh1) entered blocking state
Fri Nov  8 10:53:05 2019 kern.info kernel: [50981.287291] br-lan: port 2(phy0-mesh1) entered listening state
[50981.317393] br-lan: port 4(phy0-wlan0) entered learning state
Fri Nov  8 10:53:05 2019 daemon.info nmeshd[4354]: Nmeshd: Mesh parameters configured for phy0-mesh1
Fri Nov  8 10:53:05 2019 daemon.info nmeshd[4354]: Nmeshd: Status of phy0-mesh1 is MESH-GROUP-STARTED
Fri Nov  8 10:53:05 2019 daemon.info nmeshd[4354]: Nmeshd: Skipping interface phy1-mesh1
Fri Nov  8 10:53:05 2019 daemon.info nmeshd[4354]: Nmeshd: Skipping interface phy1-wlan0
Fri Nov  8 10:53:05 2019 daemon.info nmeshd[4354]: Nmeshd: txpower 20 dBm has been set
[50981.335406] ***set agrr burst for BE 46: 8000]: Nmeshd: Commit config for AP VAP phy1-wlan0

Fri Nov  8 10:53:05 2019 daemon.info nmeshd[4354]: Nmeshd: STATUS
Fri Nov  8 10:53:05 2019 daemon.info nmeshd[4354]: Nmeshd: State of interface phy1-wlan0 is UNINITIALIZED
Fri Nov  8 10:53:05 2019 daemon.info nmeshd[4354]: Nmeshd: IFNAME=phy1-wlan0 SET bssid 04:d9:f5:c1:0c:64
Fri Nov  8 10:53:05 2019 daemon.info nmeshd[4354]: Nmeshd: IFNAME=phy1-wlan0 SET ssid buffer-test
Fri Nov  8 10:53:05 2019 daemon.info nmeshd[4354]: Nmeshd: IFNAME=phy1-wlan0 SET hw_mode a
Fri Nov  8 10:53:05 2019 daemon.info nmeshd[4354]: Nmeshd: IFNAME=phy1-wlan0 SET channel 48
Fri Nov  8 10:53:05 2019 daemon.info nmeshd[4354]: Nmeshd: IFNAME=phy1-wlan0 SET preamble 1
Fri Nov  8 10:53:05 2019 daemon.info nmeshd[4354]: Nmeshd: IFNAME=phy1-wlan0 SET wmm_enabled 1
Fri Nov  8 10:53:05 2019 daemon.info nmeshd[4354]: Nmeshd: IFNAME=phy1-wlan0 SET disassoc_low_ack 1
Fri Nov  8 10:53:05 2019 daemon.info nmeshd[4354]: Nmeshd: IFNAME=phy1-wlan0 SET uapsd_advertisement_enabled 1
Fri Nov  8 10:53:05 2019 daemon.info nmeshd[4354]: Nmeshd: IFNAME=phy1-wlan0 SET bss_transition 1
Fri Nov  8 10:53:05 2019 daemon.info nmeshd[4354]: Nmeshd: IFNAME=phy1-wlan0 SET rrm_neighbor_report 1
Fri Nov  8 10:53:05 2019 daemon.info nmeshd[4354]: Nmeshd: IFNAME=phy1-wlan0 SET rrm_beacon_report 1
Fri Nov  8 10:53:05 2019 daemon.info nmeshd[4354]: Nmeshd: IFNAME=phy1-wlan0 SET track_sta_max_num 255
Fri Nov  8 10:53:05 2019 daemon.info nmeshd[4354]: Nmeshd: IFNAME=phy1-wlan0 SET track_sta_max_a[50981.394958] IPv6: ADDRCONF(NETDEV_UP): phy1-
wlan0: link is not ready

