Fri Nov  8 11:42:53 2019 daemon.info nmeshd[4354]: Nmeshd: Updating mesh peer - UID: 04:d9:f5:c1:0c:60, BSSID: 04:d9:f5:c1:0c:64
Fri Nov  8 11:42:53 2019 daemon.info nmeshd[4354]: Nmeshd: Received MQTT msg (193 bytes):
Fri Nov  8 11:42:53 2019 daemon.info nmeshd[4354]: Nmeshd: { "version": "1.1", "host": "qubercomm.com", "uid": "04:d9:f5:c1:0c:60", "mesh_load_
report": { "bssid": "06:d9:f5:c1:0c:64", "antenna_count": 2, "channel": 48, "vap_type": 2, "oper_band": 1 } }
Fri Nov  8 11:42:53 2019 daemon.info nmeshd[4354]: Nmeshd: Updating mesh peer - UID: 04:d9:f5:c1:0c:60, BSSID: 06:d9:f5:c1:0c:64
Fri Nov  8 11:42:54 2019 daemon.info nmeshd[4354]: Nmeshd: Signal 15 received - terminating
Fri Nov  8 11:42:54 2019 daemon.info nmeshd[4354]: Nmeshd: Freeing station node: cc:61:e5:f4:bc:97
Fri Nov  8 11:42:54 2019 daemon.info nmeshd[4354]: Nmeshd: Freeing station node: 10:0b:a9:57:d9:1c
Fri Nov  8 11:42:54 2019 daemon.info nmeshd[4354]: Nmeshd: Freeing station node: 24:77:03:a3:3b:30
Fri Nov  8 11:42:54 2019 daemon.info nmeshd[4354]: Nmeshd: Freeing station node: dc:a2:66:01:7c:b1
[53970.646570] device phy0-wlan101 left promiscuous moded: IFNAME=phy0-wlan101 DISABLE

Fri Nov  8 11:42:54 2019 kern.info kernel: [53970.646570] device phy0-wlan101 left promiscuous mode
Fri Nov  8 11:42:54 2019 kern.info kernel: [53970.652112] br-lan: port 6(phy0-wlan101) entered disabled state
[53970.717311] ath10k_ahb a000000.wifi: peer-unmap-event: unknown peer id 4
[53970.717375] ath10k_ahb a000000.wifi: peer-unmap-event: unknown peer id 4
Fri Nov  8 11:42:54 2019 daemon.info nmeshd[4354]: Nmeshd: Disabled interface: phy0-wlan101
Fri Nov  8 11:42:54 2019 daemon.info nmeshd[4354]: Nmeshd: IFNAME=phy1-wlan101 DISABLE
Fri Nov  8 11:42:54 2019 kern.warn kernel: [53970.717311] ath10k_ahb a000000.wifi: peer-unmap-event: unknown peer id 4
Fri Nov  8 11:42:54 2019 kern.warn kernel: [53970.717375] ath10k_ahb a000000.wifi: peer-unmap-event: unknown peer id 4
[53970.786513] device phy1-wlan101 left promiscuous mode
[53970.786709] br-lan: port 7(phy1-wlan101) entered disabled state
Fri Nov  8 11:42:54 2019 kern.info kernel: [53970.786513] device phy1-wlan101 left promiscuous mode
Fri Nov  8 11:42:54 2019 kern.info kernel: [53970.786709] br-lan: port 7(phy1-wlan101) entered disabled state
[53970.827340] ath10k_ahb a800000.wifi: peer-unmap-event: unknown peer id 4
[53970.827395] ath10k_ahb a800000.wifi: peer-unmap-event: unknown peer id 4
Fri Nov  8 11:42:54 2019 kern.warn kernel: [53970.827340] ath10k_ahb a800000.wifi: peer-unmap-event: unknown peer id 4
Fri Nov  8 11:42:54 2019 kern.warn kernel: [53970.827395] ath10k_ahb a800000.wifi: peer-unmap-event: unknown peer id 4
Fri Nov  8 11:42:54 2019 daemon.info nmeshd[4354]: Nmeshd: Disabled interface: phy1-wlan101
Fri Nov  8 11:42:54 2019 daemon.info nmeshd[4354]: Nmeshd: DETACH
Fri Nov  8 11:42:54 2019 daemon.info nmeshd[4354]: Nmeshd: REMOVE phy0-wlan0
[53970.886545] device phy0-wlan0 left promiscuous mode
[53970.886723] br-lan: port 4(phy0-wlan0) entered disabled state
Fri Nov  8 11:42:54 2019 kern.info kernel: [53970.886545] device phy0-wlan0 left promiscuous mode
Fri Nov  8 11:42:54 2019 kern.info kernel: [53970.886723] br-lan: port 4(phy0-wlan0) entered disabled state
[53971.137446] ath10k_ahb a000000.wifi: peer-unmap-event: unknown peer id 2
[53971.137504] ath10k_ahb a000000.wifi: peer-unmap-event: unknown peer id 2
Fri Nov  8 11:42:55 2019 daemon.info nmeshd[4354]: Nmeshd: Removed interface: phy0-wlan0
Fri Nov  8 11:42:55 2019 kern.warn kernel: [53971.137446] ath10k_ahb a000000.wifi: peer-unmap-event: unknown peer id 2
Fri Nov  8 11:42:55 2019 kern.warn kernel: [53971.137504] ath10k_ahb a000000.wifi: peer-unmap-event: unknown peer id 2
[53971.277830] device phy0-mesh1 left promiscuous mode
[53971.278070] br-lan: port 2(phy0-mesh1) entered disabled state
[53971.281733] br-lan: port 3(phy1-mesh1) entered listening state
Fri Nov  8 11:42:55 2019 daemon.info nmeshd[4354]: Nmeshd: Deleted interface phy0-wlan0
Fri Nov  8 11:42:55 2019 daemon.info nmeshd[4354]: Nmeshd: Free vap node (0xb6eecba0, id=0)
Fri Nov  8 11:42:55 2019 daemon.info nmeshd[4354]: Nmeshd: Deinitialized context for 06:d9:f5:c1:0c:60
Fri Nov  8 11:42:55 2019 kern.info kernel: [53971.277830] device phy0-mesh1 left promiscuous mode
Fri Nov  8 11:42:55 2019 kern.info kernel: [53971.278070] br-lan: port 2(phy0-mesh1) entered disabled state
Fri Nov  8 11:42:55 2019 kern.info kernel: [53971.281733] br-lan: port 3(phy1-mesh1) entered listening state
[53971.310526] ath10k_ahb a000000.wifi: peer-unmap-event: unknown peer id 6
Fri Nov  8 11:42:55 2019 daemon.info nmeshd[4354]: Nmeshd: Deleted wpa_s interface phy0-mesh1 from bridge br-lan
Fri Nov  8 11:42:55 2019 daemon.info nmeshd[4354]: Nmeshd: INTERFACE_REMOVE phy0-mesh1
Fri Nov  8 11:42:55 2019 kern.warn kernel: [53971.310526] ath10k_ahb a000000.wifi: peer-unmap-event: unknown peer id 6[53971.360921] ath10k_ahb
 a000000.wifi: peer-unmap-event: unknown peer id 1

Fri Nov  8 11:42:55 2019 kern.warn kernel: [53971.349764] ath10k_ahb a000000.wifi: peer-unmap-event: unknown peer id 1
Fri Nov  8 11:42:55 2019 kern.warn kernel: [53971.360921] ath10k_ahb a000000.wifi: peer-unmap-event: unknown peer id 1
[53972.981478] ***set sgi param 55: 896
[53972.981515] ***set agrr burst for BE 46: 8000
[53972.985726] IPv6: ADDRCONF(NETDEV_UP): phy0-mesh1: link is not ready
Fri Nov  8 11:42:57 2019 kern.warn kernel: [53972.981478] ***set sgi param 55: 896
Fri Nov  8 11:42:57 2019 kern.warn kernel: [53972.981515] ***set agrr burst for BE 46: 8000
Fri Nov  8 11:42:57 2019 kern.info kernel: [53972.985726] IPv6: ADDRCONF(NETDEV_UP): phy0-mesh1: link is not ready
Fri Nov  8 11:42:57 2019 daemon.info nmeshd[4354]: Nmeshd: Removed wpa_s interface: phy0-mesh1
Fri Nov  8 11:42:57 2019 daemon.info nmeshd[4354]: Nmeshd: Deleted interface phy0-mesh1
Fri Nov  8 11:42:57 2019 daemon.info nmeshd[4354]: Nmeshd: Free vap node (0xb6ec3c10, id=1)
Fri Nov  8 11:42:57 2019 daemon.info nmeshd[4354]: Nmeshd: DETACH
Fri Nov  8 11:42:57 2019 daemon.info nmeshd[4354]: Nmeshd: <3>AP-DISABLED
Fri Nov  8 11:42:57 2019 daemon.info nmeshd[4354]: Nmeshd: REMOVE phy0-wlan101
[53973.296358] br-lan: port 3(phy1-mesh1) entered learning state
Fri Nov  8 11:42:57 2019 daemon.info nmeshd[4354]: Nmeshd: Removed interface: phy0-wlan101
Fri Nov  8 11:42:57 2019 kern.info kernel: [53973.296358] br-lan: port 3(phy1-mesh1) entered learning state
Fri Nov  8 11:42:57 2019 daemon.info nmeshd[4354]: Nmeshd: Deleted interface phy0-wlan101
Fri Nov  8 11:42:57 2019 daemon.info nmeshd[4354]: Nmeshd: Free vap node (0xb6c83120, id=101)
Fri Nov  8 11:42:57 2019 daemon.info nmeshd[4354]: Nmeshd: Free radio node (0xb6ccf4b0, type='2.4 GHz') created for phy0
Fri Nov  8 11:42:57 2019 daemon.info nmeshd[4354]: Nmeshd: Deinitialize mac80211 driver interface
Fri Nov  8 11:42:57 2019 daemon.info nmeshd[4354]: Nmeshd: DETACH
Fri Nov  8 11:42:57 2019 daemon.info nmeshd[4354]: Nmeshd: REMOVE phy1-wlan0
[53973.526641] device phy1-wlan0 left promiscuous mode
[53973.526868] br-lan: port 5(phy1-wlan0) entered disabled state
Fri Nov  8 11:42:57 2019 kern.info kernel: [53973.526641] device phy1-wlan0 left promiscuous mode
Fri Nov  8 11:42:57 2019 kern.info kernel: [53973.526868] br-lan: port 5(phy1-wlan0) entered disabled state
[53973.627292] ath10k_ahb a800000.wifi: peer-unmap-event: unknown peer id 2
Fri Nov  8 11:42:57 2019 daemon.info nmeshd[4354]: Nmeshd: Removed interface: phy1-wlan0
Fri Nov  8 11:42:57 2019 kern.warn kernel: [53973.627292] ath10k_ahb a800000.wifi: peer-unmap-event: unknown peer id 2
Fri Nov  8 11:42:57 2019 daemon.info nmeshd[4354]: Nmeshd: Deleted interface phy1-wl[53973.837592] device phy1-mesh1 left promiscuous mode
an0
Fri Nov  8 11:42:57 2019 daemon.info nmeshd[4354]: Nmeshd: Free vap node (0xb6eaea50, id=0)[53973.849911] br-lan: topology change detected, pro
pagating

Fri Nov  8 11:42:57 2019 daemon.info nmeshd[4354]: Nmeshd: Deinitialized context for 06:d9:f5:c1:0c:64
Fri Nov  8 11:42:57 2019 daemon.info nmeshd[4354]: Nmeshd: successfully deinitialized
Fri Nov  8 11:42:57 2019 kern.info kernel: [53973.837592] device phy1-mesh1 left promiscuous mode
Fri Nov  8 11:42:57 2019 kern.info kernel: [53973.843844] br-lan: port 3(phy1-mesh1) entered disabled state
Fri Nov  8 11:42:57 2019 kern.info kernel: [53973.849911] br-lan: topology change detected, propagating
Fri Nov  8 11:42:57 2019 daemon.info nmeshd[4354]: Nmeshd: Deleted wpa_s interface phy1-mesh1 from bridge br-lan
Fri Nov  8 11:42:57 2019 daemon.info nmeshd[4354]: Nmeshd: INTERFACE_REMOVE phy1-mesh1
[53975.462441] ***set sgi param 55: 896
[53975.462481] ***set agrr burst for BE 46: 8000
Fri Nov  8 11:42:59 2019 kern.warn kernel: [53975.462441] ***set sgi param 55: 8[53975.470526] IPv6: ADDRCONF(NETDEV_UP): phy1-mesh1: link is n
ot ready
96
Fri Nov  8 11:42:59 2019 kern.warn kernel: [53975.462481] ***set agrr burst for BE 46: 8000
Fri Nov  8 11:42:59 2019 kern.info kernel: [53975.470526] IPv6: ADDRCONF(NETDEV_UP): phy1-mesh1: link is not ready
Fri Nov  8 11:42:59 2019 daemon.info nmeshd[4354]: Nmeshd: Removed wpa_s interface: phy1-mesh1
Fri Nov  8 11:42:59 2019 daemon.info nmeshd[4354]: Nmeshd: Deleted interface phy1-mesh1
Fri Nov  8 11:42:59 2019 daemon.info nmeshd[4354]: Nmeshd: Free vap node (0xb6be50b0, id=1)
Fri Nov  8 11:42:59 2019 daemon.info nmeshd[4354]: Nmeshd: DETACH
Fri Nov  8 11:42:59 2019 daemon.info nmeshd[4354]: Nmeshd: <3>AP-DISABLED
Fri Nov  8 11:42:59 2019 daemon.info nmeshd[4354]: Nmeshd: REMOVE phy1-wlan101
Fri Nov  8 11:42:59 2019 daemon.info nmeshd[4354]: Nmeshd: Removed interface: phy1-wlan101
Fri Nov  8 11:42:59 2019 daemon.info nmeshd[4354]: Nmeshd: Deleted interface phy1-wlan101
Fri Nov  8 11:42:59 2019 daemon.info nmeshd[4354]: Nmeshd: Free vap node (0xb6c83530, id=101)
Fri Nov  8 11:42:59 2019 daemon.info nmeshd[4354]: Nmeshd: Free radio node (0xb6f75090, type='5 GHz') created for phy1
Fri Nov  8 11:42:59 2019 daemon.info nmeshd[4354]: Nmeshd: Deinitialize mac80211 driver interface
Fri Nov  8 11:42:59 2019 daemon.info nmeshd[4354]: Nmeshd: Deinitialized nl80211/mac80211 successfully
Fri Nov  8 11:42:59 2019 daemon.info nmeshd[4354]: Nmeshd: ELOOP: remaining timeout: 608.812626 eloop_data=0x151a090 user_data=0 handler=0x4b0b
8
[53980.940435] br-lan: port 1(eth0) entered disabled state: 94f4162-dev Build Date: 071119_18:52:12

Fri Nov  8 11:43:05 2019 daemon.info nmeshd[5235]: Nmeshd: Diag interface ready
Fri Nov  8 11:43:05 2019 daemon.info nmeshd[5235]: Nmeshd: Found driver interface ath10k_pci for phy0
Fri Nov  8 11:43:05 2019 daemon.info nmeshd[5235]: Nmeshd: Initializing mac80211 driver interface
Fri Nov  8 11:43:05 2019 daemon.notice netifd: bridge 'br-lan' link is down
Fri Nov  8 11:43:05 2019 daemon.notice netifd: Interface 'lan' has link connectivity loss
[53980.954334] IPv6: ADDRCONF(NETDEV_UP): br-lan: link is not ready
Fri Nov  8 11:43:05 2019 kern.info kernel: [53980.940435] br-lan: port 1(eth0) entered disabled state
Fri Nov  8 11:43:05 2019 kern.info kernel: [53980.950419] br-lan: port 1(eth0) entered blocking state[53981.002064] br-wan: port 1(eth1) entere
d blocking state

Fri Nov  8 11:43:05 2019 kern.info kernel: [53980.953908] br-lan: port 1(eth0) entered listening state[53981.023410] IPv6: ADDRCONF(NETDEV_UP):
 br-wan: link is not ready

Fri Nov  8 11:43:05 2019 kern.info kernel: [53980.954334] IPv6: ADDRCONF(NETDEV_UP): br-lan: link is not ready
Fri Nov  8 11:43:05 2019 kern.info kernel: [53980.992627] br-wan: port 1(eth1) entered disabled state
Fri Nov  8 11:43:05 2019 kern.info kernel: [53981.002064] br-wan: port 1(eth1) entered blocking state
Fri Nov  8 11:43:05 2019 kern.info kernel: [53981.016531] br-wan: port 1(eth1) entered listening state
Fri Nov  8 11:43:05 2019 daemon.notice netifd: bridge 'br-wan' link is down
Fri Nov  8 11:43:05 2019 daemon.notice netifd: Interface 'wan' has link connectivity loss
Fri Nov  8 11:43:05 2019 kern.info kernel: [53981.023410] IPv6: ADDRCONF(NETDEV_UP): br-wan: link is not ready
Fri Nov  8 11:43:05 2019 daemon.info nmeshd[5235]: Nmeshd: Connected to hostapd successfully
Fri Nov  8 11:43:05 2019 daemon.info nmeshd[5235]: Nmeshd: Connected with global wpa_s
Fri Nov  8 11:43:05 2019 daemon.info nmeshd[5235]: Nmeshd: PING
Fri Nov  8 11:43:05 2019 daemon.info nmeshd[5235]: Nmeshd: PONG from hostapd !
Fri Nov  8 11:43:05 2019 daemon.info nmeshd[5235]: Nmeshd: INTERFACES
Fri Nov  8 11:43:05 2019 daemon.info nmeshd[5235]: Nmeshd: PING
Fri Nov  8 11:43:05 2019 daemon.info nmeshd[5235]: Nmeshd: PONG from wpa_s !
Fri Nov  8 11:43:05 2019 daemon.info nmeshd[5235]: Nmeshd: INTERFACES
Fri Nov  8 11:43:05 2019 daemon.info nmeshd[5235]: Nmeshd: Initialized nl80211/mac80211 successfully
Fri Nov  8 11:43:05 2019 daemon.info nmeshd[5235]: Nmeshd: MAC Address for PHY phy0: 04:d9:f5:c1:0c:60
Fri Nov  8 11:43:05 2019 daemon.info nmeshd[5235]: Nmeshd: PHY phy0 is of type 2.4 GHz
Fri Nov  8 11:43:05 2019 daemon.info nmeshd[5235]: Nmeshd: Radio node (0xb6c814b0, type='2.4 GHz', phyindex=0) created for phy0
Fri Nov  8 11:43:05 2019 daemon.info nmeshd[5235]: Nmeshd: Found driver interface ath10k_pci for phy1
Fri Nov  8 11:43:05 2019 daemon.info nmeshd[5235]: Nmeshd: Initializing mac80211 driver interface
Fri Nov  8 11:43:05 2019 daemon.info nmeshd[5235]: Nmeshd: MAC Address for PHY phy1: 04:d9:f5:c1:0c:64
Fri Nov  8 11:43:05 2019 daemon.info nmeshd[5235]: Nmeshd: PHY phy1 is of type 5 GHz
Fri Nov  8 11:43:05 2019 daemon.info nmeshd[5235]: Nmeshd: Radio node (0xb6f27090, type='5 GHz', phyindex=1) created for phy1
Fri Nov  8 11:43:05 2019 daemon.info nmeshd[5235]: Nmeshd: Using last known config
Fri Nov  8 11:43:05 2019 daemon.info nmeshd[5235]: Nmeshd: Initialized libconfig with /etc/nmeshd.conf
Fri Nov  8 11:43:05 2019 daemon.info nmeshd[5235]: Nmeshd: Initialized libconfig with /etc/nmeshd.conf
Fri Nov  8 11:43:05 2019 daemon.info nmeshd[5235]: Nmeshd: configured as root node
Fri Nov  8 11:43:05 2019 daemon.info nmeshd[5235]: Nmeshd: Allocated vap node with id: 0
Fri Nov  8 11:43:05 2019 daemon.info nmeshd[5235]: Nmeshd: Creating new AP vap phy0-wlan0 with MAC: 04:d9:f5:c1:0c:60
Fri Nov  8 11:43:05 2019 daemon.info nmeshd[5235]: Nmeshd: ADD phy0-wlan0 /var/run/hostapd nl80211
Fri Nov  8 11:43:05 2019 daemon.info nmeshd[5235]: Nmeshd: Added interface: phy0-wlan0
Fri Nov  8 11:43:05 2019 daemon.info nmeshd[5235]: Nmeshd: ATTACH
Fri Nov  8 11:43:05 2019 daemon.info nmeshd[5235]: Nmeshd: Created new interface phy0-wlan0
Fri Nov  8 11:43:05 2019 daemon.info nmeshd[5235]: Nmeshd: LOG_LEVEL INFO
Fri Nov  8 11:43:05 2019 daemon.info nmeshd[5235]: Nmeshd: Allocated vap node with id: 1
Fri Nov  8 11:43:05 2019 daemon.info nmeshd[5235]: Nmeshd: Creating radio phy0 mesh vap phy0-mesh1
Fri Nov  8 11:43:05 2019 daemon.info nmeshd[5235]: Nmeshd: Creating new Mesh vap phy0-mesh1 with MAC: 06:d9:f5:c1:0c:60
Fri Nov  8 11:43:05 2019 daemon.info nmeshd[5235]: Nmeshd: INTERFACE_ADD phy0-mesh1                     /var/run/wpa_supplicant
Fri Nov  8 11:43:05 2019 daemon.notice netifd: wan (4646): udhcpc: received SIGTERM
[53982.652649] ***set sgi param 55: 896
[53982.652709] ***set agrr burst for BE 46: 8000
Fri Nov  8 11:43:06 2019 kern.warn kernel: [53982.652649] ***set sgi param 55: 896
[53982.659938] IPv6: ADDRCONF(NETDEV_UP): phy0-mesh1: link is not ready
Fri Nov  8 11:43:06 2019 kern.warn kernel: [53982.652709] ***set agrr burst for BE 46: 8000
Fri Nov  8 11:43:06 2019 kern.info kernel: [53982.659938] IPv6: ADDRCONF(NETDEV_UP): phy0-mesh1: link is not ready
[53982.741140] br-lan: port 2(phy0-mesh1) entered blocking state
[53982.741185] br-lan: port 2(phy0-mesh1) entered disabled state
[53982.746562] device phy0-mesh1 entered promiscuous mode
Fri Nov  8 11:43:06 2019 daemon.info nmeshd[5235]: Nmeshd: Added wpa_s interface: phy0-mesh1
Fri Nov  8 11:43:06 2019 kern.info kernel: [53982.741140] br-lan: port 2(phy0-mesh1) entered blocking state
Fri Nov  8 11:43:06 2019 kern.info kernel: [53982.741185] br-lan: port 2(phy0-mesh1) entered disabled state
Fri Nov  8 11:43:06 2019 kern.info kernel: [53982.746562] device phy0-mesh1 entered promiscuous mode
Fri Nov  8 11:43:06 2019 daemon.info nmeshd[5235]: Nmeshd: Added wpa_s inte
